epoch,accuracy,loss,lr,val_accuracy,val_f1,val_loss,val_precision,val_recall
0,0.3108927011489868,1.7489678859710693,0.001,0.3796309232711792,0.09166062484640879,1.6707909107208252,0.8456754737192527,0.1344435518731457
1,0.324596643447876,1.718407154083252,0.001,0.3824482262134552,0.10081908797733877,1.7323967218399048,0.771166738689784,0.1401843620770798
2,0.3476361632347107,1.6992112398147583,0.001,0.37103816866874695,0.07480267117978272,1.6374045610427856,0.7346848774259196,0.12797775800843
3,0.34203481674194336,1.6930296421051025,0.001,0.36469924449920654,0.09310891289534443,1.6856131553649902,0.6982367727743635,0.14317302465761086
4,0.34682589769363403,1.67725670337677,0.001,0.2877870202064514,0.08552325899229993,1.6924192905426025,0.5898879046377448,0.13778991802965931
5,0.36204466223716736,1.6501455307006836,0.001,0.39695730805397034,0.13454370399879748,1.6632522344589233,0.7019369977557264,0.16462989968615255
6,0.37532585859298706,1.635952115058899,0.001,0.3120157718658447,0.14554490645038717,1.6696531772613525,0.5881163335970434,0.1906172270348673
7,0.36838582158088684,1.6354467868804932,0.001,0.3235667049884796,0.11246463720298568,1.6185146570205688,0.5892504327152435,0.1512452755941372
8,0.36320722103118896,1.6628609895706177,0.001,0.417523592710495,0.1485210239735701,1.5406734943389893,0.6318275329335405,0.17544865051962172
9,0.36954838037490845,1.6238620281219482,0.001,0.39766165614128113,0.15996422142799802,1.6439770460128784,0.5856691880254303,0.1811261467520636
10,0.3811385929584503,1.6185208559036255,0.001,0.4245668351650238,0.16347223894338425,1.5565005540847778,0.7097199586043963,0.18880492809364796
11,0.3684210479259491,1.6269053220748901,0.001,0.2765178084373474,0.08705066602543195,1.7293411493301392,0.6392024475198688,0.1398819527615411
12,0.38134995102882385,1.6143925189971924,0.001,0.24468235671520233,0.11213862397091472,1.7721606492996216,0.6081770334518068,0.16803652587790113
13,0.3704643249511719,1.6415096521377563,0.001,0.4228764474391937,0.14538981018358513,1.5302577018737793,0.49099528454881697,0.16729617953492784
14,0.3852251172065735,1.5936921834945679,0.001,0.39315396547317505,0.18070013193993392,1.60885751247406,0.5513191245571176,0.19438343592521268
15,0.39917564392089844,1.581357479095459,0.001,0.4273841381072998,0.16095973605453262,1.5422654151916504,0.454781048917277,0.1818511667451829
16,0.37243711948394775,1.6090978384017944,0.001,0.3947034776210785,0.1964889095254835,1.5925259590148926,0.4936507704121164,0.2110277227384638
17,0.38797295093536377,1.6006702184677124,0.001,0.4052683413028717,0.14247077372084446,1.5594614744186401,0.5113280164658651,0.17316361282491388
18,0.39449024200439453,1.5879820585250854,0.001,0.4361177682876587,0.17557214548476452,1.5354582071304321,0.4657140269191078,0.1970969485514853
19,0.3876206576824188,1.607475996017456,0.001,0.44259753823280334,0.19884321191691406,1.5157207250595093,0.6301630936985319,0.20232148422618546
20,0.39117875695228577,1.592604398727417,0.001,0.31032538414001465,0.14710547406415567,1.6894218921661377,0.616546112849039,0.19264680933231595
21,0.40245190262794495,1.5885010957717896,0.001,0.45457106828689575,0.18631444081682128,1.4762723445892334,0.5035218375669738,0.2005613469575375
22,0.3970971703529358,1.5761041641235352,0.001,0.3785040080547333,0.16264212306896275,1.5338767766952515,0.6356036293003635,0.18207225260952992
23,0.3873388171195984,1.5802205801010132,0.001,0.43034231662750244,0.17321577582331332,1.5046675205230713,0.5280323210057091,0.1851351336201274
24,0.4020996391773224,1.5754616260528564,0.001,0.3813213109970093,0.09784867037421582,1.7196732759475708,0.7439066499007645,0.14019920151591514
25,0.40424856543540955,1.5822575092315674,0.001,0.40921255946159363,0.19402464536708763,1.6003985404968262,0.5686178848777534,0.22440041191436264
26,0.4006200134754181,1.5680421590805054,0.001,0.4280884563922882,0.15526029780995035,1.5512639284133911,0.6531413305686562,0.1741281327886262
27,0.41143521666526794,1.5695407390594482,0.001,0.31074798107147217,0.12594881693790053,1.6229698657989502,0.5259490082576057,0.15932052225011786
28,0.41277390718460083,1.5530728101730347,0.001,0.4179461896419525,0.1444734085335913,1.525781273841858,0.5888944693287627,0.1697613125893888
29,0.3985063135623932,1.5801911354064941,0.001,0.4471052289009094,0.17031967801768585,1.5925573110580444,0.47780320589407455,0.19324053791035428
30,0.42221516370773315,1.5405479669570923,0.001,0.33201858401298523,0.18565985505622812,1.6190589666366577,0.5539029518781688,0.21233855367887897
31,0.4053054451942444,1.5513561964035034,0.001,0.4055500626564026,0.17646229784658532,1.6551493406295776,0.49433261943634527,0.20297740463925043
32,0.465088427066803,1.4336456060409546,0.000100000005,0.4586561620235443,0.21553752620888383,1.4549442529678345,0.57367168738621,0.21631360136132605
33,0.4655463993549347,1.4195195436477661,0.000100000005,0.45837441086769104,0.20306753544652828,1.4534929990768433,0.5741649172363275,0.21167982439373456
34,0.46660324931144714,1.41568922996521,0.000100000005,0.4579518139362335,0.21367380484324022,1.450549840927124,0.5677719482176155,0.216831791615631
35,0.4685055911540985,1.4149582386016846,0.000100000005,0.43668121099472046,0.17417925629592837,1.476656198501587,0.5622091011517149,0.1846163009793971
36,0.4718875586986542,1.4103542566299438,0.000100000005,0.4628821015357971,0.20247779897443488,1.4536925554275513,0.5910099009645818,0.21393338963871222
37,0.46596914529800415,1.4192264080047607,0.000100000005,0.45879700779914856,0.19833547998395049,1.4585696458816528,0.5555367672409341,0.20903608479380908
38,0.467801034450531,1.414788007736206,0.000100000005,0.45809268951416016,0.21172297601043438,1.4595606327056885,0.5616753660321488,0.2142209589295985
39,0.46653279662132263,1.4171165227890015,0.000100000005,0.45950132608413696,0.2161042307290708,1.450269103050232,0.5649256422491522,0.22009831678373976
40,0.46987950801849365,1.4154871702194214,0.000100000005,0.45457106828689575,0.1939170643408947,1.453891396522522,0.5726308928600126,0.201009085099739
41,0.46737828850746155,1.4163399934768677,0.000100000005,0.4528806805610657,0.19530904424297696,1.4638903141021729,0.562138459422098,0.2021406087676441
42,0.46794193983078003,1.4137574434280396,0.000100000005,0.4490773379802704,0.18070933025619157,1.4658122062683105,0.5752214402814433,0.19537915438637096
43,0.4695272445678711,1.4136799573898315,0.000100000005,0.46231862902641296,0.22262756279016385,1.4535928964614868,0.5821971002851366,0.21962694125688204
44,0.46720215678215027,1.4131704568862915,0.000100000005,0.4325961470603943,0.21519692722062583,1.4853097200393677,0.5231620854791261,0.22218972575976845
45,0.4640668034553528,1.4184637069702148,0.000100000005,0.4600647985935211,0.21888857384549967,1.4547510147094727,0.5652769154530215,0.21584220762970563
46,0.46692031621932983,1.4153165817260742,0.000100000005,0.45978307723999023,0.2020159288023409,1.4511876106262207,0.5499977183883202,0.21418940029857542
47,0.46924540400505066,1.4119861125946045,0.000100000005,0.46400901675224304,0.21549287637698286,1.4527571201324463,0.5754699846622087,0.21853515331579984
48,0.4725921154022217,1.4089832305908203,0.000100000005,0.41949570178985596,0.2176206723782028,1.4855149984359741,0.5621646436453643,0.21573107803274977
49,0.465229332447052,1.415793538093567,0.000100000005,0.4462600350379944,0.20804648800775283,1.4602187871932983,0.568175890495399,0.21497249656965728
