epoch,accuracy,loss,lr,val_accuracy,val_f1,val_loss,val_precision,val_recall
0,0.3419291079044342,1.689736008644104,1e-04,0.36582615971565247,0.06696060231023103,1.67593514919281,0.9207282715875476,0.125
1,0.3652152419090271,1.6225476264953613,1e-04,0.37216508388519287,0.07884953341783439,1.599631667137146,0.6780211010999908,0.13055462225771824
2,0.41034314036369324,1.5585503578186035,1e-04,0.4537258744239807,0.1637192757346982,1.5522265434265137,0.7487185636239464,0.1925841002935082
3,0.4680476188659668,1.4907585382461548,1e-04,0.5041555166244507,0.22784485434189125,1.464343547821045,0.6556118013117447,0.23367413718863636
4,0.49957725405693054,1.4244948625564575,1e-04,0.5173968076705933,0.23689601627181917,1.403757095336914,0.6737118138251418,0.25617508558217217
5,0.5180723071098328,1.3826671838760376,1e-04,0.5319058895111084,0.25686623299529543,1.318246603012085,0.6750129451375432,0.26939089712800107
6,0.531071662902832,1.3386034965515137,1e-04,0.5389491319656372,0.24372279086497234,1.2914886474609375,0.6993464532892373,0.2486367732122403
7,0.5421334505081177,1.3040900230407715,1e-04,0.5640230774879456,0.27877935368336926,1.230256199836731,0.7079159146999414,0.27921586142825144
8,0.556577205657959,1.2727676630020142,1e-04,0.5693759918212891,0.2704822788272493,1.2071696519851685,0.719722775729935,0.2787513637968855
9,0.5661593675613403,1.2375653982162476,1e-04,0.5812086462974548,0.2822483266615839,1.1788040399551392,0.7108437216762947,0.29359462753377097
10,0.573663055896759,1.2144129276275635,1e-04,0.590787410736084,0.30637033823185794,1.1544783115386963,0.7290775256528813,0.30316187955547
11,0.5885295271873474,1.179043173789978,1e-04,0.6030426621437073,0.31943093653697086,1.1137669086456299,0.72976490285909,0.3170212006364206
12,0.5960685014724731,1.1536943912506104,1e-04,0.6052964925765991,0.320368131262545,1.1035133600234985,0.737973739264948,0.31690034275274104
13,0.606848418712616,1.130265235900879,1e-04,0.620509922504425,0.3362944132643705,1.0771386623382568,0.7385418704213242,0.32857792348506654
14,0.6120270490646362,1.1050831079483032,1e-04,0.6274123191833496,0.3551560651385695,1.062196969985962,0.7174616064331606,0.34732676988632927
15,0.6183329820632935,1.0857677459716797,1e-04,0.6271305680274963,0.3481907199501407,1.0444812774658203,0.7255624619221546,0.3384757149618659
16,0.6245332360267639,1.0654946565628052,1e-04,0.6327651739120483,0.3670074058440001,1.0405274629592896,0.7491609913524084,0.35098235600776756
17,0.6299936771392822,1.0437912940979004,1e-04,0.642062246799469,0.3619459548297056,1.0142220258712769,0.7308733027880886,0.35848750748926783
18,0.6377087235450745,1.0248576402664185,1e-04,0.6405127644538879,0.37165218954105755,1.0092673301696777,0.744422224794877,0.3533289592177902
19,0.6426759958267212,1.0112173557281494,1e-04,0.6312156915664673,0.3487535124511487,1.070265293121338,0.7845416582630818,0.33217111455614134
20,0.649193286895752,0.9949916005134583,1e-04,0.6534723043441772,0.3765871499812977,0.9761108160018921,0.7309867422904781,0.3653762664586463
21,0.6530684232711792,0.97613924741745,1e-04,0.6560078859329224,0.38347620018886686,0.9759787917137146,0.7719098727210024,0.3614217971501574
22,0.6601493954658508,0.9622441530227661,1e-04,0.6636145710945129,0.3906382362183499,0.947973370552063,0.768972108528025,0.3759502168163721
23,0.6692736148834229,0.9424970149993896,1e-04,0.67009437084198,0.4099623563496865,0.9299723505973816,0.7610726623797996,0.38862595067364114
24,0.6722328066825867,0.922850489616394,1e-04,0.6668545007705688,0.4019512384972074,0.9362874031066895,0.7351552429456266,0.40158267188460284
25,0.6770943403244019,0.9106100797653198,1e-04,0.6793914437294006,0.4230129788700428,0.9014784097671509,0.7392028985573714,0.40346471595645506
26,0.681392252445221,0.8983731269836426,1e-04,0.6775602102279663,0.41481547825470355,0.8988985419273376,0.7619315339480928,0.39497493516179405
27,0.6854435205459595,0.8839529752731323,1e-04,0.6837582588195801,0.4315014027735932,0.8882550001144409,0.7387676282726479,0.4129463367784947
28,0.6902346014976501,0.8750700354576111,1e-04,0.6900972127914429,0.44062460818772065,0.8709220886230469,0.7489971152563399,0.4201111749770541
29,0.6975621581077576,0.85780268907547,1e-04,0.6847443580627441,0.4398409351450759,0.8897651433944702,0.75306917057458,0.42481088572927905
30,0.6987247467041016,0.8449127674102783,1e-04,0.687702476978302,0.43728555950452197,0.868408739566803,0.7530325810986398,0.4193090620597208
31,0.7035862803459167,0.8307405710220337,1e-04,0.6871390342712402,0.43769039316577885,0.8758175373077393,0.711110792577239,0.41935535200248397
32,0.7058056592941284,0.8232203722000122,1e-04,0.6857303977012634,0.4350876078364388,0.8983879685401917,0.7883237900635379,0.3999345352449507
33,0.7119002342224121,0.8110249638557434,1e-04,0.6912240982055664,0.4403894669293392,0.8587539196014404,0.7204769449712249,0.41022202290523724
34,0.7181004881858826,0.7971706986427307,1e-04,0.7051697373390198,0.4569106320744785,0.8313068151473999,0.7354643151240411,0.43014595493076035
35,0.7183470726013184,0.7917953133583069,1e-04,0.7003803253173828,0.4593683411268535,0.8349827527999878,0.699640690062457,0.43197880923382304
36,0.723138153553009,0.7784388661384583,1e-04,0.7034793496131897,0.4751701900052089,0.8440405130386353,0.6882877442717605,0.46204519631363905
37,0.7252166271209717,0.7667527198791504,1e-04,0.7085505127906799,0.4804912250100493,0.8171643614768982,0.7461695568822635,0.44550645900027125
38,0.7290918231010437,0.7564845681190491,1e-04,0.7030567526817322,0.4531884014103971,0.8428206443786621,0.7485199422570176,0.4218393225171576
39,0.7287042737007141,0.7513883113861084,1e-04,0.7106634974479675,0.5050550326145081,0.8137983083724976,0.7429476761905229,0.4656872610510818
40,0.7378284931182861,0.7419403195381165,1e-04,0.7112269401550293,0.5088624463676477,0.8166444301605225,0.7391414650840658,0.4766850682967454
41,0.7405763268470764,0.7236234545707703,1e-04,0.7130581736564636,0.49895157156480785,0.7935145497322083,0.7455273160841556,0.467701761654191
42,0.7413513660430908,0.7196748852729797,1e-04,0.7178475856781006,0.4906444880881988,0.7985067963600159,0.7512587290899412,0.45967031875244657
43,0.7482562065124512,0.7027672529220581,1e-04,0.7232004404067993,0.517444174041624,0.7869523167610168,0.7287619724362937,0.49382741972904887
44,0.7477277517318726,0.6975204348564148,1e-04,0.7217918038368225,0.5003338392541941,0.7891924381256104,0.7239708171399533,0.4775343793429173
45,0.7507573962211609,0.6905298233032227,1e-04,0.7081279158592224,0.5136534538951416,0.8096643090248108,0.7457769918690569,0.48082275326614954
46,0.7591418027877808,0.6780156493186951,1e-04,0.7219326496124268,0.5118003924345921,0.7830191850662231,0.7492934702927216,0.47474342998006347
47,0.761607825756073,0.6654912829399109,1e-04,0.7248908281326294,0.5109813172774045,0.7805237770080566,0.7680430537066271,0.4720922936584571
48,0.7623476386070251,0.6631360054016113,1e-04,0.7224961519241333,0.5086444405303987,0.7856835722923279,0.7402024398173102,0.48376181316976663
49,0.7655534148216248,0.653928279876709,1e-04,0.7248908281326294,0.5199530272279963,0.7858557105064392,0.7608884847391242,0.4774687262662082
