epoch,accuracy,loss,lr,val_accuracy,val_f1,val_loss,val_precision,val_recall
0,0.353871613740921,1.6854445934295654,1e-04,0.37836316227912903,0.09659014689435043,1.5892335176467896,0.5828922910598051,0.1361044185206557
1,0.38976961374282837,1.5505470037460327,1e-04,0.4070996046066284,0.13917851711867374,1.5322469472885132,0.6123330116445387,0.16037260492516406
2,0.4130204916000366,1.508711814880371,1e-04,0.43217355012893677,0.1728504184392898,1.4972686767578125,0.6260566464428262,0.18604370341810264
3,0.4314803183078766,1.4799178838729858,1e-04,0.4438653290271759,0.19068234112666468,1.4763453006744385,0.6652641691173476,0.1989392202228135
4,0.4410977363586426,1.4595266580581665,1e-04,0.4518946409225464,0.2034233787038007,1.4600032567977905,0.6546876768973702,0.2100089774377671
5,0.4500810205936432,1.4422968626022339,1e-04,0.45626145601272583,0.19865149876167656,1.4452064037322998,0.7022408070886157,0.20922059505526683
6,0.4552948772907257,1.4317610263824463,1e-04,0.4596422016620636,0.1999027090784088,1.4338629245758057,0.672689384164164,0.20897442136290934
7,0.4604734778404236,1.4190725088119507,1e-04,0.4648542106151581,0.1985317875647871,1.4283822774887085,0.704841586429312,0.20993156085189427
8,0.46751919388771057,1.4110636711120605,1e-04,0.4676715135574341,0.21374724807537177,1.416422963142395,0.6598030416602398,0.22056394371892382
9,0.47142958641052246,1.4012587070465088,1e-04,0.4664037227630615,0.2138512786126737,1.413120150566101,0.6839276108426037,0.22100748237754456
10,0.4693863093852997,1.3965635299682617,1e-04,0.47555994987487793,0.22698208356422653,1.405535340309143,0.6609046534416256,0.23349231817998983
11,0.4753047227859497,1.3898556232452393,1e-04,0.4789406955242157,0.2239083827050963,1.3982900381088257,0.6650365706673727,0.23165356958879207
12,0.47724229097366333,1.384035587310791,1e-04,0.4799267649650574,0.22391589710969395,1.3936110734939575,0.6734790726279816,0.23006601266350116
13,0.4790741801261902,1.3785427808761597,1e-04,0.4814762771129608,0.22564824215488724,1.3890986442565918,0.6672261978719625,0.23378956194532124
14,0.48122313618659973,1.3739031553268433,1e-04,0.4821805953979492,0.22726066561632408,1.3876911401748657,0.6687498616269717,0.23567827673550779
15,0.48277318477630615,1.3684797286987305,1e-04,0.4841527044773102,0.2311656293519526,1.3810770511627197,0.6594760259691201,0.23514123918011892
16,0.4839005172252655,1.3657115697860718,1e-04,0.4838709533214569,0.2255909993338871,1.3764511346817017,0.6664307365632972,0.23234438452711792
17,0.4885859191417694,1.3600643873214722,1e-04,0.48584306240081787,0.2245392848757469,1.374312162399292,0.676714004470668,0.23267407790933817
18,0.48862114548683167,1.3557835817337036,1e-04,0.4834483861923218,0.2265640251921562,1.3723795413970947,0.6746230088651618,0.2295039838389937
19,0.48738816380500793,1.3548121452331543,1e-04,0.48795604705810547,0.23618627125052508,1.368949294090271,0.5486961095888606,0.24015511924591113
20,0.49080532789230347,1.3497940301895142,1e-04,0.49077335000038147,0.23784089057480312,1.3652323484420776,0.5528257618454968,0.24407286532576136
21,0.4903121292591095,1.3462752103805542,1e-04,0.48964643478393555,0.22708855088143062,1.3629330396652222,0.5592310728934262,0.23289648472898575
22,0.49193263053894043,1.3434159755706787,1e-04,0.4930271804332733,0.23846043193870403,1.359835147857666,0.5511754964409414,0.24429351759436252
23,0.49372929334640503,1.3405373096466064,1e-04,0.4904916286468506,0.22788774453446653,1.3586583137512207,0.5605847084119386,0.23293224079954858
24,0.4962657690048218,1.3385123014450073,1e-04,0.4904916286468506,0.24358157437118674,1.3555166721343994,0.5509072396744602,0.24610292941261197
25,0.49503275752067566,1.3350498676300049,1e-04,0.49415409564971924,0.25025169241458517,1.3552109003067017,0.543124281757154,0.25445791517364175
26,0.4971817135810852,1.3338731527328491,1e-04,0.4930271804332733,0.24667305587664676,1.3507428169250488,0.5826376584309634,0.24958241737175965
27,0.4980624318122864,1.330614686012268,1e-04,0.49246373772621155,0.23926055165934687,1.3475747108459473,0.5880944868333833,0.24228520854587018
28,0.49848517775535583,1.3276853561401367,1e-04,0.49697139859199524,0.249390964461149,1.3457999229431152,0.6433882834223914,0.24834112140991219
29,0.49940112233161926,1.3263493776321411,1e-04,0.496830552816391,0.24883129785943756,1.343886137008667,0.6361493674254114,0.24813351623252816
30,0.5001056790351868,1.323272943496704,1e-04,0.49697139859199524,0.25456037779072854,1.3423577547073364,0.6223780925444347,0.2510382228818607
31,0.5021489262580872,1.3200559616088867,1e-04,0.49457669258117676,0.2507937098659481,1.3406416177749634,0.6042263559488213,0.2518406963578229
32,0.5036637783050537,1.3180568218231201,1e-04,0.4965488016605377,0.2608899222397398,1.3416944742202759,0.6311696689547623,0.25686994636179683
33,0.5025012493133545,1.3171072006225586,1e-04,0.49880266189575195,0.25571818081906245,1.337480902671814,0.6356621256444479,0.2522015157107147
34,0.5032762885093689,1.3148078918457031,1e-04,0.5024651288986206,0.2688733404859322,1.3375529050827026,0.6171029016561502,0.2626410507825154
35,0.5055308938026428,1.313106894493103,1e-04,0.49880266189575195,0.261991769303125,1.3351532220840454,0.62717093942226,0.2576043796522241
36,0.5058479309082031,1.3121111392974854,1e-04,0.5007747411727905,0.25916572762069434,1.3323898315429688,0.644709582565345,0.2571982376619846
37,0.5059888958930969,1.3090914487838745,1e-04,0.5000704526901245,0.2514255639832115,1.3350847959518433,0.6451690256079574,0.25241219304409235
38,0.5067286491394043,1.3069820404052734,1e-04,0.5013382434844971,0.2592735245371975,1.3306598663330078,0.6343780288506247,0.2593094301624007
39,0.5078912377357483,1.3044072389602661,1e-04,0.5019016861915588,0.26225146992464154,1.3312830924987793,0.6257765475972619,0.2625548908928246
40,0.508842408657074,1.3048630952835083,1e-04,0.5016199350357056,0.2598818725881319,1.3273226022720337,0.6441293626184095,0.25816439135082775
41,0.509265124797821,1.3007582426071167,1e-04,0.50514155626297,0.2686831829606985,1.326520323753357,0.6089728444371709,0.2617932646520654
42,0.5121538639068604,1.2991023063659668,1e-04,0.5038737654685974,0.2546818452254819,1.3258155584335327,0.6460772102027413,0.2535940759873893
43,0.5093708038330078,1.2998045682907104,1e-04,0.5033103227615356,0.26129225138496087,1.3245270252227783,0.6372073557341456,0.26019591324003843
44,0.5118720531463623,1.2969082593917847,1e-04,0.5038737654685974,0.25382206602763857,1.3264641761779785,0.6412672222055318,0.2566337484514331
45,0.5124005079269409,1.2948694229125977,1e-04,0.504437267780304,0.261116159573992,1.3245816230773926,0.6417414370466183,0.2610962820238417
46,0.5119425058364868,1.2957440614700317,1e-04,0.5058459043502808,0.2675937840617865,1.3210173845291138,0.6298374883771003,0.2636878200362101
47,0.5122243165969849,1.295191764831543,1e-04,0.5054233074188232,0.26348307573733676,1.3198407888412476,0.6331767970416269,0.25882678055866587
48,0.5128584504127502,1.2935813665390015,1e-04,0.5071136951446533,0.2688632571662222,1.318239688873291,0.6344158240601959,0.2649871662073889
49,0.5144437551498413,1.2887847423553467,1e-04,0.5075362920761108,0.2729860998166065,1.3175417184829712,0.627286000740449,0.26557423622247867
50,0.5153596997261047,1.2903584241867065,1e-04,0.5080997347831726,0.2735862121068051,1.3160682916641235,0.6289620295225189,0.26658143434041626
51,0.5158176422119141,1.2880209684371948,1e-04,0.5037329196929932,0.27026335163655074,1.3186806440353394,0.6415870862307675,0.2676908906235122
52,0.5139857530593872,1.2892866134643555,1e-04,0.5085223317146301,0.27666225022337804,1.3151731491088867,0.6370387074464953,0.2710580887518216
53,0.5151835680007935,1.2873075008392334,1e-04,0.5092266798019409,0.2768092398991952,1.3136097192764282,0.6332198505947291,0.26893461996513685
54,0.5168744921684265,1.2841602563858032,1e-04,0.5066910982131958,0.2720341102274388,1.3138675689697266,0.635695012961057,0.2669683994439008
55,0.5172972679138184,1.2839771509170532,1e-04,0.5106353163719177,0.2767479060643924,1.3138211965560913,0.6394655637988195,0.2720541607483285
56,0.5175790786743164,1.282523274421692,1e-04,0.512466549873352,0.2793413678834899,1.3121007680892944,0.637269098565302,0.27276106633409203
57,0.5177199840545654,1.2821241617202759,1e-04,0.5068319439888,0.2674714853113264,1.3115266561508179,0.6388522810335094,0.26392219181666776
58,0.5183893442153931,1.2806512117385864,1e-04,0.5104944109916687,0.27490425882760067,1.3097156286239624,0.6359202154959658,0.2673807534377276
59,0.5166983604431152,1.2796937227249146,1e-04,0.5110579133033752,0.2771055838540134,1.309967041015625,0.6476781373020792,0.2714584258858365
60,0.5176847577095032,1.278347373008728,1e-04,0.5121847987174988,0.2716669508302454,1.3095364570617676,0.6505585188489535,0.26607336287296335
61,0.5172268152236938,1.2781461477279663,1e-04,0.5096492171287537,0.27019584093271015,1.3086830377578735,0.6397077920216855,0.2660515773119966
62,0.5189177989959717,1.2770110368728638,1e-04,0.511621356010437,0.27665262470507895,1.307571291923523,0.6313082186797543,0.26801536657900177
63,0.5184597969055176,1.2751489877700806,1e-04,0.5110579133033752,0.2798440247299732,1.3079575300216675,0.6295596261098827,0.26971044245706993
64,0.519375741481781,1.2756611108779907,1e-04,0.5096492171287537,0.27481487735835713,1.3061680793762207,0.6364704993024333,0.26641192287351323
65,0.519234836101532,1.2732175588607788,1e-04,0.5123257040977478,0.27988394695408236,1.3052681684494019,0.6309074942029206,0.27109089225474686
66,0.5205734968185425,1.27297842502594,1e-04,0.5097901225090027,0.2715154905757743,1.3057472705841064,0.6386201449977499,0.2634372461182116
67,0.5201860070228577,1.271788477897644,1e-04,0.510776162147522,0.28398236946663086,1.3044871091842651,0.6366661872297001,0.2734440249540273
68,0.520820140838623,1.2706009149551392,1e-04,0.5119031071662903,0.28799530517843197,1.304244875907898,0.6287422645149847,0.27872761916589467
69,0.5215246677398682,1.2701433897018433,1e-04,0.5133117437362671,0.2890956201462138,1.3047070503234863,0.6359310746791209,0.2748122981922181
70,0.5212076306343079,1.2687931060791016,1e-04,0.5083814859390259,0.2785098517614092,1.3055700063705444,0.6241457378974893,0.272212301787401
71,0.520820140838623,1.2699648141860962,1e-04,0.5133117437362671,0.28799032792801704,1.3019764423370361,0.6327834857105692,0.27838492015223687
72,0.5221235752105713,1.2683351039886475,1e-04,0.5144386291503906,0.2802120194962651,1.301836609840393,0.6419068888436892,0.27137567640611526
73,0.5222997069358826,1.266251802444458,1e-04,0.5140160322189331,0.2857014918498972,1.301002860069275,0.6415725713708644,0.2767203847422986
74,0.5222644805908203,1.2657670974731445,1e-04,0.5140160322189331,0.2857893892070178,1.3004201650619507,0.6396463925753422,0.2745552971957028
75,0.5227577090263367,1.2648531198501587,1e-04,0.5134525895118713,0.2933923663449819,1.3006041049957275,0.629792702890942,0.28251183208252273
76,0.5253998637199402,1.2643682956695557,1e-04,0.5114805102348328,0.287316943385759,1.302294135093689,0.6317962973891695,0.2797723064181418
77,0.5214542150497437,1.2646647691726685,1e-04,0.5151429772377014,0.2816572497840782,1.2984991073608398,0.6362843788575663,0.27330656731195796
78,0.5237793326377869,1.2635146379470825,1e-04,0.5147203803062439,0.28439721459259854,1.298671007156372,0.6329854278590189,0.27470221416403434
79,0.5239202380180359,1.2624624967575073,1e-04,0.5161290168762207,0.2897873043139183,1.2979611158370972,0.6332893433476361,0.27669180517768366
80,0.524519145488739,1.2621134519577026,1e-04,0.5162699222564697,0.2842371937911582,1.2971400022506714,0.6374784480535942,0.27465826625324075
81,0.5245895981788635,1.260249137878418,1e-04,0.5128891468048096,0.2837577308070444,1.2994251251220703,0.6414134919636479,0.2756113143886599
82,0.5235679745674133,1.259914755821228,1e-04,0.5161290168762207,0.28825151579568353,1.2967231273651123,0.6371038392307216,0.277567089191955
83,0.5257521271705627,1.2595301866531372,1e-04,0.5140160322189331,0.29187265990851047,1.2979865074157715,0.6390824644028081,0.28286986829815425
84,0.5251179933547974,1.2575979232788086,1e-04,0.5182420015335083,0.2900093766995466,1.2956596612930298,0.6464758986298669,0.2792611791624191
85,0.5255759954452515,1.258497714996338,1e-04,0.5171151161193848,0.29220964420579865,1.2951298952102661,0.6430938537014671,0.2779882575525417
86,0.5256816744804382,1.256887435913086,1e-04,0.5148612260818481,0.2982161930360956,1.296371340751648,0.6352849791358036,0.28669890560790534
87,0.5277953743934631,1.2562737464904785,1e-04,0.5168333649635315,0.2896830337290895,1.2949708700180054,0.6488804345336654,0.27637589695806614
88,0.5257169008255005,1.2551394701004028,1e-04,0.5171151161193848,0.2967985365675061,1.2948459386825562,0.6399902896955467,0.2849118430582488
89,0.5280420184135437,1.2557969093322754,1e-04,0.5159881711006165,0.29290742402432246,1.2935833930969238,0.6437998437415602,0.2803331291158246
90,0.5276192426681519,1.2540783882141113,1e-04,0.5162699222564697,0.29446424622848366,1.2939441204071045,0.6406538317628862,0.2846228355064088
91,0.5269851088523865,1.2544413805007935,1e-04,0.5137343406677246,0.2920133605356753,1.293907880783081,0.6428164983109204,0.280557831928654
92,0.5278306007385254,1.25399649143219,1e-04,0.5148612260818481,0.3003533283983386,1.2932076454162598,0.6421730715533247,0.28628415505224386
93,0.5276192426681519,1.251715064048767,1e-04,0.5158473253250122,0.288098698653673,1.294561505317688,0.6441858626020804,0.2773932874585989
94,0.5281124711036682,1.2519139051437378,1e-04,0.5186645984649658,0.2866733349038717,1.2933688163757324,0.6522664162531517,0.27530839686813346
95,0.5268089771270752,1.2516225576400757,1e-04,0.5162699222564697,0.29485090541491005,1.293394923210144,0.6393013886510447,0.2859865181183233
96,0.5266328454017639,1.2517855167388916,1e-04,0.5183828473091125,0.2965337523004873,1.290572166442871,0.6368505143076386,0.2840251159563513
97,0.5285351872444153,1.2507057189941406,1e-04,0.5189463496208191,0.2917715928405817,1.2907222509384155,0.6481378039881396,0.27887689844244834
98,0.5284647345542908,1.250675082206726,1e-04,0.5162699222564697,0.28963988521839557,1.2912544012069702,0.6490586053454623,0.2778048408266304
99,0.5291693210601807,1.248334527015686,1e-04,0.5166925191879272,0.2993580156930775,1.2950884103775024,0.6372636809350153,0.28977474263347414
