epoch,accuracy,loss,lr,val_accuracy,val_f1,val_loss,val_precision,val_recall
0,0.2990262806415558,1.8457415103912354,0.001,0.40231019258499146,0.23020351704734476,1.6389148235321045,0.28912263359205087,0.2770938167165861
1,0.37875574827194214,1.6841399669647217,0.001,0.3916044533252716,0.25126778675432215,1.6587445735931396,0.30692253081886034,0.3017436842934328
2,0.40011605620384216,1.625963568687439,0.001,0.4502042531967163,0.2637231229430594,1.4667657613754272,0.3997075029408902,0.26261143107788026
3,0.4142051637172699,1.5906423330307007,0.001,0.45414847135543823,0.28895166890333396,1.5011454820632935,0.40048628789317464,0.30833792174682395
4,0.4259551465511322,1.5681066513061523,0.001,0.44935905933380127,0.26953498494126993,1.5079258680343628,0.3411849281226229,0.3011430039700549
5,0.42950913310050964,1.5528761148452759,0.001,0.4740104377269745,0.31585995685724133,1.4472012519836426,0.3272846559691257,0.33274666158141575
6,0.4411684572696686,1.5258769989013672,0.001,0.4693618714809418,0.28640743383607026,1.4605008363723755,0.35273505594199317,0.3072105569088865
7,0.44100528955459595,1.5276745557785034,0.001,0.46682631969451904,0.32101059240272034,1.4567358493804932,0.3354365908150192,0.3313416967151569
8,0.4437251687049866,1.5204317569732666,0.001,0.4913368225097656,0.2979610178741778,1.405186653137207,0.35843873913793606,0.30713980856150225
9,0.45155850052833557,1.5051383972167969,0.001,0.46302294731140137,0.30331772666178947,1.4468629360198975,0.3492775002360508,0.3216605461100162
10,0.4540426731109619,1.4976190328598022,0.001,0.45485278964042664,0.2770139868487145,1.4963878393173218,0.3557118901911534,0.30073232818245066
11,0.4537888169288635,1.5002466440200806,0.001,0.4196365773677826,0.31116948727775895,1.5884592533111572,0.3365620120606079,0.37552250105788754
12,0.4604979157447815,1.4841347932815552,0.001,0.4786589741706848,0.32820475258974696,1.4042960405349731,0.3501946798449679,0.3288658980987367
13,0.4600808620452881,1.4794386625289917,0.001,0.49387237429618835,0.32783050432407457,1.3906331062316895,0.34268751816466136,0.33431097541027616
14,0.46018967032432556,1.4800413846969604,0.001,0.3680800199508667,0.2582746000673688,1.7034701108932495,0.3332615489326014,0.32298206308871136
15,0.46002647280693054,1.48139226436615,0.001,0.4248485565185547,0.29813023336398575,1.555159330368042,0.3642398267458986,0.342373900083886
16,0.46247437596321106,1.4751801490783691,0.001,0.4540075957775116,0.3221192373182382,1.4839965105056763,0.33457924379221293,0.3683744861330055
17,0.4680411219596863,1.4663137197494507,0.001,0.4852796196937561,0.32091992156833926,1.407993197441101,0.3508254435725401,0.3377902588642942
18,0.4652124345302582,1.4686697721481323,0.001,0.48894211649894714,0.3059853175625806,1.3980764150619507,0.3630789460042877,0.31211762876418525
19,0.4660646617412567,1.4655731916427612,0.001,0.49175938963890076,0.341921062170093,1.399890661239624,0.34386723706766376,0.3534111653696083
20,0.46450525522232056,1.4674516916275024,0.001,0.4304831624031067,0.32027598185205497,1.534796118736267,0.3399258849747611,0.3492793020984073
21,0.4633629024028778,1.4694111347198486,0.001,0.47485560178756714,0.33039767816730214,1.4420897960662842,0.335107086422937,0.35351345864478667
22,0.47257429361343384,1.4535168409347534,0.001,0.49344977736473083,0.32078028766450895,1.3881006240844727,0.3415501741702738,0.3314412824906354
23,0.4662097096443176,1.461350679397583,0.001,0.4697844684123993,0.32903275129862897,1.4488043785095215,0.33668643532813725,0.3630533144076753
24,0.47190338373184204,1.4515329599380493,0.001,0.4944358468055725,0.3190692862375708,1.3949267864227295,0.3476329977026447,0.33991402019179495
25,0.4692741334438324,1.4578779935836792,0.001,0.4299197196960449,0.32250259945111426,1.5863423347473145,0.33074538212685556,0.3863475235081268
26,0.4703439772129059,1.4548672437667847,0.001,0.482744038105011,0.3186942222145748,1.4249255657196045,0.3454892256685513,0.3483022287119594
27,0.4699269235134125,1.450080156326294,0.001,0.43780815601348877,0.31564684771167795,1.5321097373962402,0.3240634759190579,0.354702006968882
28,0.46905654668807983,1.4579986333847046,0.001,0.4793632924556732,0.3391028540263272,1.4396201372146606,0.34188324967427214,0.3640961985598856
29,0.4686213731765747,1.4577925205230713,0.001,0.4965488016605377,0.3024885008634792,1.3894203901290894,0.3447020921640308,0.31855988692265935
30,0.4751128852367401,1.4463427066802979,0.001,0.4614734351634979,0.33463906432803936,1.4707485437393188,0.3409824706394427,0.3732996217597658
31,0.4745144844055176,1.4501787424087524,0.001,0.4662628471851349,0.31823733836574464,1.4534162282943726,0.3500339815835799,0.3377876293201077
32,0.4746958315372467,1.4455363750457764,0.001,0.4954218864440918,0.31999978443062416,1.3707828521728516,0.3408560212495346,0.32788875355845365
33,0.4730820059776306,1.4471794366836548,0.001,0.48823776841163635,0.3063288708596646,1.4351916313171387,0.36060961681652637,0.3313332458879036
34,0.4741881191730499,1.4444867372512817,0.001,0.4589378833770752,0.3370992471323327,1.5058051347732544,0.335730219186916,0.3884519524080806
35,0.4755299389362335,1.4469914436340332,0.001,0.4645724892616272,0.3187007237462806,1.4776999950408936,0.36913503382835444,0.3335008456971153
36,0.47458702325820923,1.4488134384155273,0.001,0.47105225920677185,0.3311100526165972,1.462576985359192,0.32824990491234085,0.3637957030838398
37,0.47324520349502563,1.444821834564209,0.001,0.46964362263679504,0.3282619790825602,1.4436203241348267,0.3391719955104774,0.3566257830121564
38,0.4710511565208435,1.4483360052108765,0.001,0.4540075957775116,0.3151925993895619,1.4792020320892334,0.33039209293583044,0.3490913813245333
39,0.47583818435668945,1.4416964054107666,0.001,0.48443442583084106,0.33070865350253487,1.4041045904159546,0.3438798631628991,0.3449813314483073
40,0.47460517287254333,1.4434705972671509,0.001,0.47358784079551697,0.31409459633426323,1.4545336961746216,0.34842938944277424,0.34778893081605433
41,0.4788482189178467,1.4357956647872925,0.001,0.47696858644485474,0.34036228079264597,1.447223424911499,0.3448510346921334,0.36116967890374957
42,0.47772398591041565,1.4358505010604858,0.001,0.4648542106151581,0.31010754712924554,1.4850351810455322,0.3525970873910139,0.34342434103793007
43,0.49201256036758423,1.4029535055160522,0.000100000005,0.48795604705810547,0.3378626516034774,1.4082876443862915,0.33905625252024285,0.3583204488027744
44,0.49449673295021057,1.3968732357025146,0.000100000005,0.4904916286468506,0.3378607322936459,1.3969361782073975,0.34048990008312796,0.3560845351520137
45,0.49339061975479126,1.3978067636489868,0.000100000005,0.48894211649894714,0.338460667642762,1.4056411981582642,0.3401446338458664,0.36066843064678594
46,0.4935900866985321,1.396994948387146,0.000100000005,0.4888012409210205,0.3363710128935949,1.4037468433380127,0.3382595339704852,0.3561873087629307
47,0.4938439428806305,1.397074818611145,0.000100000005,0.4841527044773102,0.335501483876109,1.409938931465149,0.3342371749178763,0.35907555392380996
48,0.4946780502796173,1.396551251411438,0.000100000005,0.48401182889938354,0.3362352659142099,1.416488528251648,0.3383990911353656,0.3630590049751867
49,0.4957660138607025,1.3953200578689575,0.000100000005,0.48513874411582947,0.3024885008634792,1.4103717803955078,0.3447020921640308,0.31855988692265935
