epoch,accuracy,loss,lr,val_accuracy,val_f1,val_loss,val_precision,val_recall
0,0.1968630999326706,2.040555000305176,1e-04,0.36962953209877014,0.18313014945052014,1.8234317302703857,0.3645775621600936,0.20703514885340457
1,0.2860380709171295,1.9003530740737915,1e-04,0.38371601700782776,0.25349123010976893,1.7349357604980469,0.2850336682826873,0.31496922056158705
2,0.3440072536468506,1.7746838331222534,1e-04,0.4699253439903259,0.3184150533712811,1.5580229759216309,0.3313650227825784,0.3463119788312159
3,0.38661831617355347,1.6709033250808716,1e-04,0.5183828473091125,0.3336714038983494,1.3881455659866333,0.36375760725333417,0.3498045573119952
4,0.42591115832328796,1.5784965753555298,1e-04,0.546837568283081,0.3508141565926821,1.3225560188293457,0.3684177161718015,0.3904257775106124
5,0.45104262232780457,1.5122896432876587,1e-04,0.580504298210144,0.4004727444386222,1.21937096118927,0.4084073833789266,0.4340719044381133
6,0.4792928397655487,1.4392722845077515,1e-04,0.5775461196899414,0.39633865681114433,1.2152881622314453,0.4038128053027402,0.45155799334883306
7,0.5011967420578003,1.386508584022522,1e-04,0.6144527196884155,0.4244644880226183,1.134369134902954,0.4337402303946071,0.4578781932973228
8,0.521196722984314,1.3303717374801636,1e-04,0.488378643989563,0.3783077222920391,1.3805493116378784,0.40912375337647156,0.49309874275427057
9,0.5319492220878601,1.2929238080978394,1e-04,0.6061416864395142,0.43788869016544735,1.1183971166610718,0.42979293428535487,0.49114367171283435
10,0.5505167841911316,1.2462737560272217,1e-04,0.6324834227561951,0.45091183928164,1.043830394744873,0.4513342586155468,0.48551845870615823
11,0.5633544921875,1.2089341878890991,1e-04,0.6082546710968018,0.4474157373092885,1.1050937175750732,0.4456145059303299,0.5333684147352853
12,0.5805983543395996,1.1694098711013794,1e-04,0.6393858194351196,0.4671499507458734,1.0264558792114258,0.45952631655156984,0.5294496237132915
13,0.5868540406227112,1.1485536098480225,1e-04,0.6147344708442688,0.46347923652719253,1.0868008136749268,0.44450892826895233,0.5516242504884631
14,0.6051133275032043,1.1032626628875732,1e-04,0.6602338552474976,0.5032989785690729,0.9538964033126831,0.4942948509201412,0.528047030080348
15,0.6111332774162292,1.0787405967712402,1e-04,0.6479786038398743,0.485833012671212,0.9773577451705933,0.48371976289625174,0.5347096726456672
16,0.621414303779602,1.049350380897522,1e-04,0.6674179434776306,0.49514280899941465,0.9347370862960815,0.48866419187512006,0.527981493178706
17,0.6337805986404419,1.0226689577102661,1e-04,0.6741794347763062,0.49457183446325453,0.9124593138694763,0.4924268438324352,0.5300679164042033
18,0.6382774114608765,1.001697063446045,1e-04,0.6730525493621826,0.4972829515679728,0.9203500151634216,0.49052170827138597,0.5512692531578628
19,0.6456028819084167,0.9791562557220459,1e-04,0.6747429370880127,0.5220763266664096,0.9016610383987427,0.50351947014581,0.5545947197231799
20,0.6549410820007324,0.9564500451087952,1e-04,0.665445864200592,0.5058982068540836,0.9196140170097351,0.49151445238100067,0.5518094315119866
21,0.6618857383728027,0.9374961256980896,1e-04,0.6944640278816223,0.522700027329928,0.8557148575782776,0.5413969928184019,0.5211104909574822
22,0.669428825378418,0.9117065668106079,1e-04,0.6792505979537964,0.5139870644104925,0.8983924984931946,0.501035172509547,0.5750155007613501
23,0.6763916611671448,0.9018635153770447,1e-04,0.704465389251709,0.5368219110598301,0.8375318050384521,0.563857294987834,0.5205393390628684
24,0.6817407011985779,0.8832694292068481,1e-04,0.6860120892524719,0.5237344399017749,0.8699891567230225,0.5057267468282121,0.5615990974410731
25,0.6875974535942078,0.8644115924835205,1e-04,0.6961544156074524,0.546219668660959,0.8447519540786743,0.5414509134065502,0.5641606899295135
26,0.6895920038223267,0.8565340042114258,1e-04,0.6884068250656128,0.5548187945918852,0.8660639524459839,0.5422537643746885,0.5858545777288771
27,0.6966092586517334,0.840209424495697,1e-04,0.7105225920677185,0.5551296160628163,0.8141033053398132,0.5682681852051292,0.5510742598079549
28,0.7001087665557861,0.8256710171699524,1e-04,0.6993942856788635,0.5368260464282151,0.8332122564315796,0.5323132587759118,0.5593524166769713
29,0.7076699733734131,0.8059529662132263,1e-04,0.716579794883728,0.5660203084556911,0.8099178075790405,0.5910423303460502,0.55363186396566
30,0.7119492292404175,0.7974867820739746,1e-04,0.7009437680244446,0.5635797574386696,0.8310463428497314,0.5569010226132876,0.5843773222115994
31,0.7161740660667419,0.7827984690666199,1e-04,0.7171432375907898,0.5488281434801185,0.8298426270484924,0.6299758181719144,0.5135496313879058
32,0.7161559462547302,0.7807930111885071,1e-04,0.7088322043418884,0.5721536117627091,0.8125748634338379,0.5764026801519307,0.5791403504847938
33,0.722955584526062,0.7679486274719238,1e-04,0.7243273854255676,0.5694617226165992,0.7941927313804626,0.6100717899900429,0.5476997032447506
34,0.7226836085319519,0.7637665271759033,1e-04,0.6999577283859253,0.555575431840803,0.8341017961502075,0.5365722773368902,0.590266449372578
35,0.7237533926963806,0.7519363164901733,1e-04,0.710099995136261,0.5638905240446492,0.8005958199501038,0.5581606463148359,0.5762844749908806
36,0.7257842421531677,0.7483335137367249,1e-04,0.6986899375915527,0.5542996954090209,0.8344457745552063,0.5309423653959744,0.590899006813366
37,0.7328377366065979,0.7313965559005737,1e-04,0.6985490918159485,0.5639783180022756,0.8443076610565186,0.5481426359617005,0.6005120793858034
38,0.7325294613838196,0.7303227186203003,1e-04,0.7048879861831665,0.5673391724143498,0.8260247707366943,0.5522436589916553,0.596012777958881
39,0.7397642731666565,0.7151638269424438,1e-04,0.7047471404075623,0.5646102518560067,0.8284287452697754,0.5499721677537202,0.5965638207979356
40,0.7416500449180603,0.7080009579658508,1e-04,0.7074235677719116,0.5664830086780782,0.819111168384552,0.5477129322856346,0.6014834147666639
41,0.743263840675354,0.7011436820030212,1e-04,0.7120721340179443,0.568172017488191,0.7988393902778625,0.5563544138920813,0.591129119019335
42,0.7455666661262512,0.6928601264953613,1e-04,0.7164389491081238,0.571904534844654,0.7997837066650391,0.559932953091155,0.5910764327946232
43,0.7495376467704773,0.6881689429283142,1e-04,0.7353148460388184,0.5959710332350385,0.7722069025039673,0.641460926072178,0.5650889752285557
44,0.749555766582489,0.6836735010147095,1e-04,0.7199605703353882,0.5632221788212822,0.7884075045585632,0.5638127724097379,0.5728472978365171
45,0.7516409754753113,0.6788634061813354,1e-04,0.7103817462921143,0.5705600800535746,0.8143762946128845,0.5474845477923383,0.6064629885642144
46,0.7550680041313171,0.6610663533210754,1e-04,0.710099995136261,0.5639527262849046,0.808163046836853,0.5499211478740623,0.5905660376447716
47,0.7562103271484375,0.6647977232933044,1e-04,0.7137625217437744,0.5598403749943115,0.8078495264053345,0.5476435535889477,0.5843949060493141
48,0.7545421719551086,0.6657745242118835,1e-04,0.7267220616340637,0.5808322478350896,0.7734420895576477,0.5790497015819572,0.586693941195124
49,0.7612511515617371,0.6479922533035278,1e-04,0.7160163521766663,0.5681805352168985,0.8082811236381531,0.5553128394070858,0.6031923461435704
50,0.7613418102264404,0.6487284898757935,1e-04,0.7185519337654114,0.5823575469800235,0.7984541654586792,0.5807847612605446,0.5975352663460687
51,0.7658567428588867,0.6432824730873108,1e-04,0.7253134250640869,0.5805155688421295,0.7754490375518799,0.5820070959624558,0.5859289069543606
52,0.7659292817115784,0.6386183500289917,1e-04,0.7192562222480774,0.5730838488935663,0.7970219850540161,0.5548554355773745,0.6029465132343097
53,0.7686128616333008,0.6304799318313599,1e-04,0.7365826368331909,0.590770741312223,0.7707578539848328,0.6257400719759836,0.5697885924971391
54,0.773345410823822,0.6236557364463806,1e-04,0.7227778434753418,0.5779314810707564,0.7839986681938171,0.5781134208858485,0.5848724386681808
55,0.7710607647895813,0.6220588684082031,1e-04,0.7230595946311951,0.5746379605112448,0.7855191230773926,0.563062394063693,0.5973478485533616
56,0.7727470397949219,0.6183109283447266,1e-04,0.7091139554977417,0.5749585065522462,0.8160873651504517,0.5534055257353485,0.6189482416008827
57,0.7727651596069336,0.6155176758766174,1e-04,0.7385547161102295,0.5948314917461424,0.7623855471611023,0.6104456645099409,0.5878414981941555
58,0.7770081758499146,0.6064896583557129,1e-04,0.7210874557495117,0.5867417432766762,0.7914208173751831,0.5820666727795795,0.5989399839688253
59,0.7759565114974976,0.6043083667755127,1e-04,0.7243273854255676,0.5894734221349845,0.7867730259895325,0.5800842202399432,0.6038042327136695
60,0.7788757681846619,0.598808765411377,1e-04,0.7430623769760132,0.5964548600470667,0.7719816565513611,0.6267198355442889,0.5766170706094121
61,0.7800362706184387,0.5957489609718323,1e-04,0.7378504276275635,0.5961303565221259,0.7646849751472473,0.6291036172087074,0.5744408145999793
62,0.7831369042396545,0.5931987166404724,1e-04,0.7332018613815308,0.5951541206049776,0.7797228693962097,0.6123092081680015,0.583764473282004
63,0.7820852398872375,0.5929091572761536,1e-04,0.7103817462921143,0.5693180974255335,0.8113746047019958,0.5538438636362472,0.6106954503678919
64,0.7838984727859497,0.5848379731178284,1e-04,0.7336244583129883,0.5826324463621881,0.7680269479751587,0.5830085393791968,0.5906907073889701
65,0.7862919569015503,0.5775449872016907,1e-04,0.7434849739074707,0.6008096269370913,0.7671201825141907,0.6431836424933133,0.5770041928528573
66,0.7890843152999878,0.5741977095603943,1e-04,0.728553295135498,0.5853437887210065,0.7918586134910583,0.5777926212689697,0.6043186968222374
67,0.7886672616004944,0.5724107027053833,1e-04,0.7133399248123169,0.5679236303074846,0.8103379607200623,0.5475439114389028,0.6050776510257575
68,0.8034995198249817,0.5354869961738586,1e-05,0.7384138703346252,0.5966655284972339,0.7626640200614929,0.5956862349248816,0.5997452860265942
69,0.8029918670654297,0.5322486162185669,1e-05,0.744611918926239,0.6071579088522582,0.7583495378494263,0.6253878718427105,0.5934230873065657
70,0.8035176992416382,0.5300778746604919,1e-05,0.7375686764717102,0.5979978291535537,0.765387237071991,0.601641667245228,0.5968284978622134
71,0.8066001534461975,0.5268111228942871,1e-05,0.7363008856773376,0.5970077068729115,0.7640590667724609,0.5960743508906274,0.5992105033391844
72,0.8049501180648804,0.5247817635536194,1e-05,0.7363008856773376,0.5967862381582923,0.7641265988349915,0.598095191433522,0.5975429055612899
73,0.8011423349380493,0.5314471125602722,1e-05,0.7403859496116638,0.6042668832314844,0.7622725367546082,0.612399769528257,0.597636822194511
74,0.8069446682929993,0.5216376185417175,1e-05,0.7357374429702759,0.5990186729555802,0.7682924270629883,0.5973670488447014,0.6025532803937608
75,0.805022656917572,0.5231459736824036,1e-05,0.739822506904602,0.6044102443764483,0.7659883499145508,0.6090563332546426,0.6015777082273429
76,0.8066364526748657,0.5213502645492554,1e-05,0.7350330948829651,0.5990972280694195,0.7685966491699219,0.5989026510725227,0.6011613305022285
77,0.8040435314178467,0.5267294645309448,1e-05,0.7371460795402527,0.5958018550181851,0.7669843435287476,0.5941677230180185,0.5995240974466738
78,0.8038440346717834,0.5230087041854858,1e-05,0.7368643283843994,0.5976629665977077,0.7699819803237915,0.5962075578995387,0.6023257671550476
79,0.8092474937438965,0.5155910849571228,1e-05,0.7348922491073608,0.5944395112456952,0.764983594417572,0.5972433047767784,0.5958119577152344
80,0.8078150749206543,0.5146419405937195,1e-06,0.7357374429702759,0.5949613545572724,0.7643076777458191,0.5973850890734895,0.5960096352797308
81,0.8070897459983826,0.5204181671142578,1e-06,0.7371460795402527,0.5964187560038338,0.7658111453056335,0.5969723839763037,0.5989833772883251
82,0.8103898167610168,0.5124872922897339,1e-06,0.7372869253158569,0.5980519390130423,0.7656714916229248,0.5992573870578505,0.5993416900984496
83,0.8087760806083679,0.5146458745002747,1e-06,0.7378504276275635,0.5977256670724382,0.7662221789360046,0.5986903554846259,0.5997004725702608
84,0.8100816011428833,0.5117985010147095,1e-06,0.7378504276275635,0.5975601963622992,0.7667208909988403,0.5984467229345694,0.5992343509489655
85,0.8106436729431152,0.5145220160484314,1e-06,0.7377095222473145,0.5969726360930061,0.7668056488037109,0.5974507827366919,0.599208978634292
86,0.8091205954551697,0.516748309135437,1e-06,0.737427830696106,0.5984762739967117,0.7641535997390747,0.6020777760401831,0.5969097557121271
87,0.8062012791633606,0.5183714628219604,1e-06,0.7377095222473145,0.598962571911767,0.7653972506523132,0.6010688434508838,0.5993049353936633
88,0.8064370155334473,0.5187633037567139,1e-06,0.738132119178772,0.6002465108677788,0.7650333642959595,0.6027652484647086,0.599959198028712
89,0.8104623556137085,0.5133610367774963,1e-06,0.7379912734031677,0.6071579088522582,0.7649334669113159,0.6253878718427105,0.5934230873065657
