epoch,accuracy,loss,lr,val_accuracy,val_f1,val_loss,val_precision,val_recall
0,0.17880649864673615,2.054823398590088,1e-04,0.4101986289024353,0.18500329572406254,1.8771613836288452,0.25445728010819363,0.1921173243862458
1,0.274220734834671,1.9123612642288208,1e-04,0.36512184143066406,0.22979166484182337,1.7915388345718384,0.26754987471498737,0.26440094702480244
2,0.34461188316345215,1.7755084037780762,1e-04,0.49316805601119995,0.28429350795379227,1.475070595741272,0.30056417432267885,0.2862043342932875
3,0.3780122995376587,1.6983959674835205,1e-04,0.5162699222564697,0.289081948447609,1.4070359468460083,0.33994437573711533,0.293361458751588
4,0.40805816650390625,1.6181304454803467,1e-04,0.5272573828697205,0.33540042898551814,1.3552112579345703,0.3581959520132448,0.34478389837393514
5,0.43357086181640625,1.556345820426941,1e-04,0.5421890616416931,0.34251041309247676,1.2868043184280396,0.3630999251932997,0.3465927091362812
6,0.45866653323173523,1.4968972206115723,1e-04,0.5497957468032837,0.3590061731508247,1.2843886613845825,0.37950297922198234,0.39139853237319533
7,0.47893887758255005,1.4456299543380737,1e-04,0.6072686314582825,0.38352571231837107,1.13616943359375,0.4107180324605714,0.381845764919497
8,0.49407967925071716,1.4032520055770874,1e-04,0.5931821465492249,0.38674282820422123,1.1557085514068604,0.4101585601445804,0.40450608389016757
9,0.5118497014045715,1.3565402030944824,1e-04,0.6210733652114868,0.3856767376144855,1.1083581447601318,0.4566492211565094,0.3741141423987794
10,0.5240892767906189,1.3225449323654175,1e-04,0.6450204253196716,0.42247551343921214,1.032912015914917,0.44291133052944254,0.42364265406368595
11,0.543056070804596,1.2776983976364136,1e-04,0.6214959621429443,0.44533315104483673,1.0671967267990112,0.44781116545035227,0.46235516230636725
12,0.552394449710846,1.2473955154418945,1e-04,0.6454430222511292,0.45619888580807844,1.0208193063735962,0.45911619390282077,0.4659973430654364
13,0.5601733326911926,1.2229162454605103,1e-04,0.6543174982070923,0.45279106697396265,0.9889932870864868,0.4789604278622982,0.4489967946511747
14,0.569602370262146,1.1958458423614502,1e-04,0.6410762071609497,0.4519950400670544,1.021565556526184,0.4760834756617425,0.4709173922653996
15,0.5790494680404663,1.1699979305267334,1e-04,0.6591069102287292,0.4676448640450074,0.9633029699325562,0.4786811542312187,0.47138938577632
16,0.5908176302909851,1.1401433944702148,1e-04,0.6522045135498047,0.4535708429708941,0.9943697452545166,0.4625628073945581,0.5009522248513842
17,0.5964568853378296,1.121577501296997,1e-04,0.680518388748169,0.4586630569803596,0.9053468108177185,0.49036363581493037,0.4561296998761237
18,0.6053962707519531,1.1005159616470337,1e-04,0.6572756767272949,0.48296994793534426,0.958747923374176,0.4749455230219849,0.5053187907158747
19,0.6149522066116333,1.07527494430542,1e-04,0.6638963222503662,0.48562719563707896,0.950887143611908,0.4806691084278938,0.5089217618545189
20,0.6211354732513428,1.0569267272949219,1e-04,0.6898154616355896,0.4939658990967096,0.8810520172119141,0.4950951944802055,0.5090978142001249
21,0.6252334713935852,1.0383520126342773,1e-04,0.6927736401557922,0.4948645131547106,0.8631779551506042,0.5174560083767018,0.48689267552360666
22,0.6338827610015869,1.0232301950454712,1e-04,0.6898154616355896,0.5025913379331088,0.8716285228729248,0.5030357183229419,0.5162836077803042
23,0.6396126747131348,0.9999353289604187,1e-04,0.6838991641998291,0.4901397306526002,0.8900184631347656,0.4935539416136646,0.5148047485237102
24,0.6471558809280396,0.9833506941795349,1e-04,0.687702476978302,0.4993226681630563,0.8812123537063599,0.49219780339680586,0.5392604381724191
25,0.651199460029602,0.9692088961601257,1e-04,0.6857303977012634,0.49349411591818976,0.880453884601593,0.48357348296502944,0.5324093384795601
26,0.6540100574493408,0.9624509215354919,1e-04,0.715734601020813,0.5313738310486904,0.815824568271637,0.5577033685030626,0.5209078012646766
27,0.6607372760772705,0.9423720836639404,1e-04,0.6875616312026978,0.5247265276139832,0.8741347193717957,0.5056970846978168,0.564082522241155
28,0.6634934544563293,0.9353792667388916,1e-04,0.7191153764724731,0.5117391325085587,0.796522855758667,0.588687573008955,0.48137793242952776
29,0.671870768070221,0.9161479473114014,1e-04,0.6979856491088867,0.5337796694459775,0.8422753810882568,0.53223305840549,0.5464049069687132
30,0.6727592349052429,0.9050395488739014,1e-04,0.6434708833694458,0.5151933019052373,0.9530147910118103,0.5345267197542507,0.5363488549045419
31,0.6778001189231873,0.8937309384346008,1e-04,0.6996760368347168,0.5302996133796973,0.8446795344352722,0.5167633483045817,0.5595272695165677
32,0.6837476491928101,0.8772361278533936,1e-04,0.7186927795410156,0.5491781564600346,0.8013718128204346,0.5598628326925078,0.5479977908245055
33,0.6881901621818542,0.8628103733062744,1e-04,0.7181293368339539,0.5481917824512719,0.8053842186927795,0.5344333500139824,0.5751226443545905
34,0.6907106041908264,0.8559551239013672,1e-04,0.7147485613822937,0.546389523962969,0.8066515326499939,0.5483424624711735,0.5526780114910588
35,0.6919798851013184,0.8490055799484253,1e-04,0.7061557769775391,0.5402804438612377,0.8270050883293152,0.5255681145189506,0.5739264433319545
36,0.6984714269638062,0.8358792662620544,1e-04,0.7295393943786621,0.5680978259215681,0.7748375535011292,0.5766369135864551,0.563754762182511
37,0.7020435333251953,0.8254912495613098,1e-04,0.72221440076828,0.5579082777545928,0.7785806655883789,0.5566132043810846,0.5623552133208836
38,0.7024243474006653,0.8166378140449524,1e-04,0.698971688747406,0.5369987237438205,0.8369771838188171,0.5196182142636779,0.5835502626342041
39,0.7111642956733704,0.8038824200630188,1e-04,0.7288350462913513,0.5723065939552268,0.7664712071418762,0.5812892559884434,0.5683161492448578
40,0.7088614702224731,0.8009466528892517,1e-04,0.7343288064002991,0.567114245561496,0.7615786194801331,0.5841731757591184,0.5547113502307718
41,0.7134308815002441,0.7906079292297363,1e-04,0.7253134250640869,0.5582744121777516,0.7748438119888306,0.5524094496672042,0.5692310726501688
42,0.7174563407897949,0.782734751701355,1e-04,0.7248908281326294,0.5537834654990776,0.7864300608634949,0.5482482462410396,0.5734154337660122
43,0.7195234894752502,0.7766367197036743,1e-04,0.7351739406585693,0.5692373348933719,0.75773686170578,0.6020424423993018,0.5490086144166929
44,0.7208834290504456,0.7684782147407532,1e-04,0.7348922491073608,0.573851990818514,0.7498221397399902,0.5780122453414817,0.5716752205901757
45,0.725144624710083,0.7549411058425903,1e-04,0.7364417314529419,0.5728014373347824,0.7510117888450623,0.5945344335371474,0.5611025989153362
46,0.7256704568862915,0.7527480125427246,1e-04,0.7288350462913513,0.5645031012605188,0.7738138437271118,0.562960718387336,0.5752832815526348
47,0.7296777963638306,0.7432140707969666,1e-04,0.7282716035842896,0.5721638556680201,0.7748571038246155,0.5669194650928046,0.5839618330014011
48,0.7313641309738159,0.7358763813972473,1e-04,0.7170023918151855,0.5685810933261942,0.782242476940155,0.5708572699949046,0.572171473816012
49,0.7304574847221375,0.7372418642044067,1e-04,0.7415128946304321,0.5841733803341042,0.7371803522109985,0.6014175959956108,0.5707229827774716
50,0.7380913496017456,0.7226017117500305,1e-04,0.7429215312004089,0.5765318942537713,0.7420660257339478,0.5858711073127127,0.5709390361753219
51,0.7394331693649292,0.7145277261734009,1e-04,0.7292576432228088,0.5771562584975936,0.7680792212486267,0.5813405504333188,0.5785549405705852
52,0.7410288453102112,0.7122266888618469,1e-04,0.7406677007675171,0.579491566270893,0.7491567134857178,0.5818781567515872,0.5813782785335486
53,0.7398139834403992,0.709538459777832,1e-04,0.7301028370857239,0.5699937116387815,0.7727022171020508,0.56042841248702,0.5891345960811163
54,0.7462692260742188,0.7003462910652161,1e-04,0.744611918926239,0.5787100963809251,0.752941370010376,0.6108182466389676,0.5594800928255366
55,0.7478104829788208,0.6895397901535034,1e-04,0.721369206905365,0.5721453600737534,0.7985842227935791,0.5559500916694219,0.6016063684020335
56,0.7490978837013245,0.6870315670967102,1e-04,0.7332018613815308,0.5830180587702033,0.7622817754745483,0.5812428358941324,0.5914021375528924
57,0.7526519298553467,0.6778995394706726,1e-04,0.7281306982040405,0.5736495051535601,0.7760396003723145,0.5626322787715035,0.5941598489958331
58,0.7519447207450867,0.6798242926597595,1e-04,0.7417946457862854,0.5877731913456617,0.7401928305625916,0.5863925475016767,0.5904530010115843
59,0.7541025280952454,0.671653151512146,1e-04,0.7226369976997375,0.5635661139223891,0.7941969037055969,0.5425534775470365,0.6065545718154208
60,0.7707483172416687,0.6304688453674316,1e-05,0.7460205554962158,0.5947384567847247,0.7353126406669617,0.6067639893980534,0.5853069083419139
61,0.7721083164215088,0.62308269739151,1e-05,0.7386955618858337,0.5847469024232178,0.7511578798294067,0.5773187443553248,0.595485469068493
62,0.7724709510803223,0.6224497556686401,1e-05,0.7468657493591309,0.5964644368883747,0.741891622543335,0.6027002713090995,0.5928006443390215
63,0.7741210460662842,0.6195485591888428,1e-05,0.7448936700820923,0.5919709800056583,0.7454050779342651,0.5898557604390819,0.5965167249868595
64,0.7732687592506409,0.6210358142852783,1e-05,0.7386955618858337,0.5887512154470013,0.7492085099220276,0.5809789758704835,0.5988089884932459
65,0.772652268409729,0.6187704205513,1e-05,0.745457112789154,0.5991242324081241,0.7377768754959106,0.6036118036076822,0.595561230903157
66,0.7754809856414795,0.6161302924156189,1e-05,0.7423580884933472,0.5975414153340926,0.7449215054512024,0.597392459404316,0.5986004086228296
67,0.7754084467887878,0.6154322624206543,1e-05,0.7417946457862854,0.5903937636501366,0.7446021437644958,0.5864038135165855,0.5957544501593569
68,0.7727248072624207,0.6171187162399292,1e-05,0.7468657493591309,0.5960366789789528,0.739022970199585,0.6024552752774511,0.5914559920834332
69,0.7739034295082092,0.6152186393737793,1e-05,0.7434849739074707,0.5916170505595959,0.7449179291725159,0.5892148535726842,0.5957959266294273
70,0.7774755954742432,0.6106554865837097,1e-05,0.7453162670135498,0.5938278445750662,0.7400813102722168,0.5972266894291978,0.5919284806965835
71,0.7783459424972534,0.604438066482544,1e-06,0.7447527647018433,0.5935647892611062,0.7396631240844727,0.5966581169623454,0.5919724150886925
72,0.7756623029708862,0.612254798412323,1e-06,0.7458797097206116,0.5947287681850797,0.7385672926902771,0.5983865650812246,0.5924664032484475
73,0.7779107689857483,0.6081418395042419,1e-06,0.743766725063324,0.5935929921961864,0.7410246133804321,0.59450721275151,0.5940454719572537
74,0.776170015335083,0.6130526065826416,1e-06,0.7436258792877197,0.5938732035139146,0.7410072684288025,0.5948570803250512,0.594046802961741
75,0.7792162895202637,0.6081143021583557,1e-06,0.7443301677703857,0.5940655984727177,0.7388125061988831,0.5971943623338706,0.592053634966307
76,0.7765145301818848,0.609122633934021,1e-06,0.743766725063324,0.5930580865208912,0.7397255301475525,0.5951640535177433,0.5921731387485912
77,0.7766596078872681,0.6068191528320312,1e-06,0.7440484762191772,0.5946168962486836,0.7394300699234009,0.597547824672079,0.5928261068725991
78,0.7772035598754883,0.6079573035240173,1e-06,0.7432032823562622,0.5931967198894849,0.7396831512451172,0.5952470553118925,0.5922248321720025
79,0.7775662541389465,0.6044585704803467,1e-06,0.7434849739074707,0.5961000650447174,0.7401374578475952,0.5978606130833155,0.5953656417556819
80,0.7799416184425354,0.6016972661018372,1e-06,0.7453162670135498,0.5970903270322843,0.7386928200721741,0.601331135980354,0.5940527126795365
81,0.7766777276992798,0.6043172478675842,1e-07,0.7447527647018433,0.5965529362026964,0.7388620376586914,0.6005374661348966,0.5937491406977184
82,0.7817186117172241,0.6035881638526917,1e-07,0.7443301677703857,0.5964644368883747,0.7391020059585571,0.6027002713090995,0.5928006443390215
