epoch,accuracy,loss,val_accuracy,val_f1,val_loss,val_precision,val_recall
0,0.18837779760360718,2.001725435256958,0.2838428020477295,0.12230735796613729,1.8474774360656738,0.47595889847214373,0.1847352995883892
1,0.24644170701503754,1.9179834127426147,0.3304690718650818,0.1717773078611471,1.8205870389938354,0.449980792786,0.22165861119578786
2,0.26532503962516785,1.8703726530075073,0.39357656240463257,0.21856992587700785,1.7008320093154907,0.24438062059155563,0.2617534101252139
3,0.3021962344646454,1.8070987462997437,0.45316243171691895,0.2776232747327209,1.5824615955352783,0.5425709027396824,0.3113847554612318
4,0.3346058428287506,1.7380889654159546,0.40329623222351074,0.2710888810503446,1.6644841432571411,0.30897562378867094,0.3386306990313558
5,0.36871209740638733,1.6678414344787598,0.4073813259601593,0.30566312125761985,1.6074882745742798,0.33276729769732394,0.3783256743692177
6,0.3978383243083954,1.6037249565124512,0.48711085319519043,0.35354827500778496,1.4546724557876587,0.36793230279922734,0.40029063176962276
7,0.4253935217857361,1.540805697441101,0.5843076705932617,0.39510575918450963,1.2241806983947754,0.40539705650369995,0.4184968764886714
8,0.4478116035461426,1.484696865081787,0.5886744856834412,0.41207808061655093,1.219264030456543,0.42103449425728423,0.4427397051278717
9,0.4689100384712219,1.434707522392273,0.6169883012771606,0.4278111292770699,1.1571842432022095,0.45017905944837605,0.4634544257349843
10,0.48645803332328796,1.389280915260315,0.5614875555038452,0.41244933390202226,1.2821627855300903,0.4210006311722264,0.47354061552678656
11,0.5007226467132568,1.3505953550338745,0.6045922040939331,0.44404231561367136,1.1731374263763428,0.4279976589324057,0.5040899974137734
12,0.5177679061889648,1.3061152696609497,0.591773509979248,0.4410362384416735,1.1770195960998535,0.44409779411200107,0.4926282394365179
13,0.5291733145713806,1.2788790464401245,0.6255810856819153,0.45619710905330846,1.1153771877288818,0.4507978590881352,0.5158123801149491
14,0.5394319295883179,1.250484585762024,0.6375545859336853,0.4854676275651677,1.0437207221984863,0.48670709765792664,0.5234535311373489
15,0.5557231307029724,1.214115023612976,0.6074094772338867,0.4493267608293581,1.1050341129302979,0.4708416638222003,0.5057236265129519
16,0.5649920105934143,1.1890102624893188,0.618115246295929,0.4738960152229047,1.0694191455841064,0.4760958205329111,0.5145794514814328
17,0.5729411840438843,1.1664046049118042,0.5985350012779236,0.4552429976099462,1.1393972635269165,0.4537085049490652,0.5316191945905868
18,0.5834197402000427,1.137113332748413,0.6109310984611511,0.46497182360840084,1.0779588222503662,0.4458463956145402,0.5312789333757995
19,0.5911176204681396,1.1153086423873901,0.6116354465484619,0.4755150066980007,1.0423989295959473,0.4723089387000748,0.5251958308598117
20,0.5993652939796448,1.0920592546463013,0.590083122253418,0.4708194885691046,1.1017301082611084,0.46382604438953323,0.5505122506950351
21,0.6087441444396973,1.0695481300354004,0.6416396498680115,0.4893228891654497,1.0067429542541504,0.4698986254894998,0.5598144004823976
22,0.6121532320976257,1.048471450805664,0.6496689915657043,0.5004395106578793,0.9677069783210754,0.4785879169682869,0.5406545256761042
23,0.6230401992797852,1.0295449495315552,0.6214959621429443,0.48922880900453847,1.0466400384902954,0.46526555027198346,0.5735321011738209
24,0.6275646686553955,1.0182287693023682,0.6216368675231934,0.4965755232825798,1.0115171670913696,0.4866563653775745,0.5540491202336435
25,0.6343984603881836,0.99940025806427,0.6199464797973633,0.48522128121203445,1.04163658618927,0.4647643676828579,0.553817365323202
26,0.6386401653289795,0.9840556383132935,0.6469925045967102,0.5024886886671739,0.9926052093505859,0.4810336453679732,0.5604714995510924
27,0.6484902501106262,0.9575868844985962,0.613184928894043,0.488074739060283,1.0462456941604614,0.4720882816255255,0.5606392391158297
28,0.6508153676986694,0.9478060007095337,0.6540358066558838,0.5078906093980189,0.9517268538475037,0.48394530454980567,0.5579978569153612
29,0.6531404256820679,0.9385426044464111,0.6400901675224304,0.5055343156447136,0.9788447022438049,0.49067685858691296,0.564975731382511
30,0.6619065403938293,0.9190630912780762,0.65812087059021,0.5133560562199296,0.9544885754585266,0.4961792477802877,0.574542231920203
31,0.667970597743988,0.9005856513977051,0.6571348309516907,0.520568718628402,0.9452759027481079,0.4967931883432841,0.5667233056717711
32,0.6731234192848206,0.8902362585067749,0.6748837828636169,0.5266476854507028,0.9173550605773926,0.5054941351090085,0.5660383738930014
33,0.6769409775733948,0.8758267164230347,0.6362867951393127,0.49597131880855516,1.0035542249679565,0.47613953751526517,0.5651094469145803
34,0.6802871823310852,0.8675084710121155,0.6424848437309265,0.5040564517550943,0.9915934205055237,0.47618987503706967,0.5796629795426529
35,0.6863983273506165,0.8569026589393616,0.596562922000885,0.48374448231287126,1.0663702487945557,0.47657999484105773,0.5620458848153628
36,0.6908285617828369,0.8399014472961426,0.6316382884979248,0.4871055453085381,1.0347023010253906,0.4636640096919461,0.58138678046402
37,0.6950859427452087,0.8294171690940857,0.6576982736587524,0.52295126039408,0.9489309787750244,0.4998125204893597,0.5719592797685916
38,0.6972067952156067,0.8219962120056152,0.641357958316803,0.5238029865424056,0.9644230008125305,0.5074322793516431,0.5717336320982516
39,0.6993119120597839,0.8156411647796631,0.6302295923233032,0.4880769184614023,1.0420233011245728,0.4684512356673135,0.5760012151679538
40,0.7024381756782532,0.8068726062774658,0.6810818314552307,0.5411568294275891,0.8934453129768372,0.5136294111016979,0.5895334962189666
41,0.707795262336731,0.791408896446228,0.663755476474762,0.5239347654705913,0.9359689950942993,0.5072956068615728,0.5744181750969004
42,0.7107487320899963,0.786740243434906,0.6678405404090881,0.5229969833857824,0.9480103254318237,0.4980500954296846,0.5960015318092904
43,0.7116127610206604,0.7799676656723022,0.6478376984596252,0.5054618142016706,1.006874442100525,0.48686688899449965,0.5718614808629048
44,0.7167028188705444,0.7687590718269348,0.6717847585678101,0.5289479573652386,0.9361244440078735,0.5000332789833458,0.593339732237302
45,0.7181638479232788,0.7609339952468872,0.6629102826118469,0.5096287702476106,0.9735761880874634,0.48998867970585,0.5729022429618507
46,0.7222012877464294,0.7552101016044617,0.6500915884971619,0.5108605454319096,0.9909955859184265,0.48541848668076876,0.5831331679690821
47,0.7237565517425537,0.7457089424133301,0.675728976726532,0.5284758623019026,0.9015892744064331,0.5063174832966517,0.5968410042988346
48,0.7255317568778992,0.7412293553352356,0.6733343005180359,0.5324402287361465,0.9453465342521667,0.505012700216525,0.5964937629570572
49,0.7255632281303406,0.7368680834770203,0.6667135953903198,0.5277043667170149,0.942500114440918,0.5012539562022815,0.6012834285045995
50,0.7314386963844299,0.7302009463310242,0.664459764957428,0.5182058191901318,0.9637801051139832,0.493245632644321,0.5891653938316421
51,0.7308103442192078,0.7241255640983582,0.6557261347770691,0.5239509921751959,0.9805452823638916,0.5003763964761649,0.5995269673774283
52,0.7337009310722351,0.7206254601478577,0.6550218462944031,0.5194105404213641,0.9704641103744507,0.49279187984615924,0.5886193446518981
53,0.7362459301948547,0.7145089507102966,0.6444569826126099,0.5252908210854756,0.995693564414978,0.5018867277058486,0.5944402143944792
54,0.7397021651268005,0.7049610018730164,0.6586843132972717,0.5161876439639892,0.9804580807685852,0.490815935098196,0.6016830848477615
55,0.7390580177307129,0.7006068825721741,0.637272834777832,0.5073835262930975,1.032723069190979,0.480104337878523,0.5952106131965713
56,0.7425299286842346,0.6950598359107971,0.6472742557525635,0.5114024676372291,1.0179105997085571,0.48402202676173717,0.5936901145002078
57,0.7449963688850403,0.6937262415885925,0.6796731948852539,0.536436653723865,0.9496575593948364,0.5087389269164564,0.6020170020353209
58,0.7486096620559692,0.6790181994438171,0.6602338552474976,0.5201253332621911,0.967533528804779,0.49219590066983065,0.6038403243773404
59,0.7466145157814026,0.6842265725135803,0.6855894923210144,0.539790979481334,0.9275855422019958,0.5213369797245824,0.5782495447171887
60,0.7490338683128357,0.6765343546867371,0.6392449736595154,0.5132110388562745,1.0259723663330078,0.48354164604608824,0.601361554647919
61,0.7520344257354736,0.6678280234336853,0.664459764957428,0.5303347160944709,0.9711452126502991,0.5051658245440647,0.5917647796449685
62,0.7554277777671814,0.6624791026115417,0.6622059345245361,0.5197555041467521,0.9673163890838623,0.49366470341958213,0.6107954821204546
63,0.7545480132102966,0.6635735034942627,0.6800957918167114,0.5391463682110833,0.926937997341156,0.5138527203513518,0.5913232765505507
64,0.7569202184677124,0.6574172973632812,0.6730525493621826,0.5337430866260602,0.9270339012145996,0.5052267817286094,0.5983426972571224
65,0.7570145130157471,0.655755877494812,0.6547400951385498,0.5197247231673087,1.0073543787002563,0.49142582710623967,0.6011970877219592
66,0.7587897181510925,0.6478677988052368,0.6774193644523621,0.5404542836518261,0.9227460026741028,0.510624827418654,0.6035294935970217
67,0.7615389227867126,0.6471525430679321,0.6629102826118469,0.5322307317831148,0.9414169788360596,0.5067254073756986,0.6021398086234494
68,0.7605020999908447,0.6413097381591797,0.6507958769798279,0.5193433324603279,1.0053982734680176,0.49172610671132044,0.606057090962456
69,0.7627957463264465,0.6374038457870483,0.6609381437301636,0.530964195301479,0.9875594973564148,0.5057748143249636,0.5951817093317214
70,0.766063392162323,0.6345199346542358,0.6502324342727661,0.5285902225712069,1.0085703134536743,0.5021299725121251,0.6064774609427609
71,0.7672416567802429,0.6254090666770935,0.6899563074111938,0.5547579517154139,0.9062637686729431,0.5338616704158681,0.6015347695762967
72,0.7675715684890747,0.6298896074295044,0.6503732800483704,0.5313474434802633,0.9933298230171204,0.5027930513713501,0.6122236969722662
73,0.7677600979804993,0.623386025428772,0.6719256043434143,0.5351582626564053,0.9806401133537292,0.504374470953044,0.6120049607092304
74,0.7704307436943054,0.6192331314086914,0.6582617163658142,0.5226217001709274,1.0054397583007812,0.4977978167389785,0.5967016433447485
75,0.7719546556472778,0.6173071265220642,0.6674179434776306,0.5286814131963476,0.9740841388702393,0.4996514375691789,0.597627549828192
76,0.7726773023605347,0.6110126376152039,0.6593886613845825,0.522253392887523,1.0079220533370972,0.4958606872331481,0.6005401375720725
77,0.776667594909668,0.6039009690284729,0.6731933951377869,0.5336376222593968,0.9890590310096741,0.5070862530305618,0.6064538195183671
78,0.7717503905296326,0.6152490377426147,0.6410762071609497,0.5291864296360557,1.047106146812439,0.5043734107597602,0.6107562753004698
79,0.7782700061798096,0.6007689833641052,0.6451612710952759,0.516785010671782,1.0124093294143677,0.49354428598064637,0.6068301251983004
80,0.7801395058631897,0.5968902707099915,0.6729117035865784,0.5458732725349957,0.9532918930053711,0.5178286636360725,0.6058494557455495
81,0.7805636525154114,0.5908649563789368,0.6469925045967102,0.5143477215784176,1.0372551679611206,0.48853144474310817,0.610134518328486
82,0.781679093837738,0.5942274928092957,0.6493872404098511,0.5209178346416159,1.0185840129852295,0.5032850800711693,0.5918452828868632
83,0.778081476688385,0.59635329246521,0.6538949012756348,0.536348354481788,0.9803024530410767,0.5105159229177354,0.6125293239100555
84,0.77768874168396,0.5963488221168518,0.6417805552482605,0.5183885410727125,1.0242047309875488,0.4942644850394285,0.6022429171077692
85,0.7845854163169861,0.5841471552848816,0.660515546798706,0.5270056823157203,0.9986928105354309,0.49723448012458527,0.5994109777700696
86,0.7823389172554016,0.587274968624115,0.6726299524307251,0.5402472148878508,0.9583717584609985,0.5105161791091416,0.6085726101509534
87,0.7844911813735962,0.5782997012138367,0.6660093069076538,0.5330831673789796,0.9737808108329773,0.5039235645382814,0.6051982894838939
88,0.785700798034668,0.5812939405441284,0.642203152179718,0.5134215171194058,1.0417057275772095,0.4855393923998722,0.6075241588918121
89,0.7881515622138977,0.5722924470901489,0.6681222915649414,0.5303608201225533,1.0047008991241455,0.5066849774838871,0.6036368516241906
90,0.7875388860702515,0.571358859539032,0.6558670401573181,0.5315134826217833,1.01064133644104,0.5029824068973879,0.6091984896073053
91,0.7853552103042603,0.5746263265609741,0.6595295071601868,0.5547579517154139,1.0060858726501465,0.5338616704158681,0.6015347695762967
