epoch,accuracy,loss,lr,val_accuracy,val_f1,val_loss,val_precision,val_recall
0,0.3310434818267822,1.7182660102844238,1e-04,0.36582615971565247,0.06696060231023103,1.6714917421340942,0.9207282715875476,0.125
1,0.3668357729911804,1.6202707290649414,1e-04,0.4200591742992401,0.14295780700249544,1.5468465089797974,0.7929192423597275,0.17243723232081817
2,0.4195025861263275,1.5421433448791504,1e-04,0.4680941104888916,0.19611814320943544,1.46424400806427,0.6192468334761004,0.2254517110906315
3,0.45934614539146423,1.484931230545044,1e-04,0.5072545409202576,0.22253792683534368,1.4079934358596802,0.6696142604529002,0.24102294792892912
4,0.49637144804000854,1.4255099296569824,1e-04,0.5169742107391357,0.2264693753538161,1.3894448280334473,0.6735768497043876,0.2564656046109661
5,0.5158176422119141,1.3805508613586426,1e-04,0.5481053590774536,0.24616594175911993,1.3200509548187256,0.7002341935639305,0.2638805735164618
6,0.5362855195999146,1.3284800052642822,1e-04,0.5609240531921387,0.28144559640513866,1.2859132289886475,0.6728386746689848,0.2928779142797906
7,0.5470654368400574,1.2958252429962158,1e-04,0.5734610557556152,0.28922070763776514,1.2224352359771729,0.6952373440350285,0.29509834892776765
8,0.560276210308075,1.261153221130371,1e-04,0.5837441682815552,0.3029830383230011,1.1911178827285767,0.7097492109094611,0.3031645662769512
9,0.5692242383956909,1.2236981391906738,1e-04,0.5696576833724976,0.29175168519935585,1.1886484622955322,0.7322400296500464,0.2958215294334001
10,0.5857464671134949,1.1847831010818481,1e-04,0.5931821465492249,0.30226345500348933,1.1566760540008545,0.7220918610668874,0.31171160206057713
11,0.594201385974884,1.1605418920516968,1e-04,0.6117762923240662,0.32198820958173285,1.1041592359542847,0.6841373636586001,0.3222354217106862
12,0.6060734391212463,1.1244480609893799,1e-04,0.614875316619873,0.34608009686037045,1.080479383468628,0.6750330664966521,0.3387186296933629
13,0.6134009957313538,1.0994789600372314,1e-04,0.6191012859344482,0.3353646383470862,1.0589224100112915,0.7283305346823914,0.33792763789626856
14,0.6203057765960693,1.079194188117981,1e-04,0.6410762071609497,0.35948687461823275,1.0305540561676025,0.7224535590367982,0.35407020958290303
15,0.6343972086906433,1.0424368381500244,1e-04,0.6186786890029907,0.3739697484788278,1.0549983978271484,0.7025795112549352,0.3682421466760983
16,0.6399986147880554,1.024583101272583,1e-04,0.6331877708435059,0.34197985617378013,1.0195207595825195,0.7493815652169887,0.3347308980038183
17,0.6467977166175842,1.015268325805664,1e-04,0.6529088616371155,0.3689288987531377,0.9920483827590942,0.7664631836088391,0.368722182930041
18,0.6559571623802185,0.9805468916893005,1e-04,0.642907440662384,0.3560452812250243,0.9993742108345032,0.7088634803748788,0.3567193186227675
19,0.6582469940185547,0.9685623049736023,1e-04,0.6691083312034607,0.394406960243188,0.9554291367530823,0.7539138790756847,0.38251239719238056
20,0.6653984189033508,0.9494003057479858,1e-04,0.6647415161132812,0.3925555685886753,0.9516546130180359,0.7436992336964774,0.37184012028969177
21,0.6726555228233337,0.9346675276756287,1e-04,0.6505141854286194,0.37602804160019127,0.9796595573425293,0.7505689413934005,0.3578037637755281
22,0.6730430722236633,0.9266088008880615,1e-04,0.6755881309509277,0.415656791059155,0.9115099906921387,0.7524974602199342,0.39918060663085064
23,0.6840696334838867,0.8944330811500549,1e-04,0.6806592345237732,0.41189031051916386,0.9004420638084412,0.7601412362217084,0.39524131857218464
24,0.6907278299331665,0.8825955390930176,1e-04,0.6830539703369141,0.41764818794794434,0.8904870748519897,0.7424799575674536,0.4056172846855774
25,0.6950609683990479,0.865405261516571,1e-04,0.6812227368354797,0.42220550593593575,0.8932177424430847,0.750491791646277,0.4039942231930088
26,0.6963996291160583,0.8511924743652344,1e-04,0.6843217611312866,0.4292852324580871,0.8953087329864502,0.7451555652847347,0.4286966753738243
27,0.7027055621147156,0.8387352824211121,1e-04,0.6923510432243347,0.42665999590361153,0.8602808713912964,0.7456960841702044,0.4181741339513414
28,0.7098569869995117,0.8282379508018494,1e-04,0.6988308429718018,0.4450312240437214,0.844490110874176,0.7501348219394612,0.4218357553534002
29,0.7099978923797607,0.8191379904747009,1e-04,0.6995351314544678,0.4482786897059216,0.8471511006355286,0.7654124754075251,0.428159358888326
30,0.7199676036834717,0.7956882119178772,1e-04,0.7036202549934387,0.4574246583645522,0.8290613293647766,0.7538148754364328,0.44075502243297116
31,0.72056645154953,0.790775716304779,1e-04,0.7051697373390198,0.4677122045466592,0.8279235363006592,0.7506049987193493,0.4486408851602962
32,0.7233142852783203,0.7747793793678284,1e-04,0.7031976580619812,0.43993871724016553,0.8355368375778198,0.7542524985392796,0.43254115431752027
33,0.727999746799469,0.7662556171417236,1e-04,0.7065783739089966,0.4443418193881009,0.8427525758743286,0.778400461572743,0.4207639205806503
34,0.7321566939353943,0.7562916278839111,1e-04,0.7098183035850525,0.4628563555427918,0.8170791864395142,0.7853388149934709,0.43169582656850436
35,0.7383569478988647,0.7383687496185303,1e-04,0.7124947309494019,0.48720452423181654,0.8081259727478027,0.7439968009655631,0.4644480132237026
36,0.7395547032356262,0.7305070757865906,1e-04,0.7085505127906799,0.4789819709698133,0.8198282122612,0.7515188499228523,0.45710716186597794
37,0.7454379200935364,0.713240385055542,1e-04,0.7139033675193787,0.4939759621821634,0.7912649512290955,0.7545745128266654,0.4656181360376467
38,0.7523779273033142,0.6967771053314209,1e-04,0.7123538255691528,0.4858582636413573,0.8122997879981995,0.7546811994896572,0.45441005425139236
39,0.7533643245697021,0.6978170871734619,1e-04,0.7164389491081238,0.4922946237767881,0.8024324178695679,0.7596732084583686,0.45875806735105673
40,0.7591770887374878,0.6825106143951416,1e-04,0.7217918038368225,0.5080647502105253,0.7917723059654236,0.7454929419311497,0.48632466602752605
41,0.7635453939437866,0.6702360510826111,1e-04,0.7137625217437744,0.5141745989207875,0.8034554123878479,0.7380820419443095,0.48846640466690183
42,0.7611146569252014,0.6674270629882812,1e-04,0.7212283611297607,0.5072069968635913,0.7872372269630432,0.7523899444593654,0.47436640698250243
43,0.7622419595718384,0.6553335785865784,1e-04,0.7226369976997375,0.5078689937577225,0.7844669222831726,0.7315520742005008,0.4809385272111469
44,0.7700979113578796,0.6420369148254395,1e-04,0.7246090769767761,0.5273235383157674,0.7727329730987549,0.7541284942808644,0.48984566979677274
45,0.775558352470398,0.626602053642273,1e-04,0.727003812789917,0.5260266900995321,0.7799264788627625,0.699770986770112,0.4927236926368095
46,0.7774606943130493,0.6195282340049744,1e-04,0.7291167974472046,0.5315118688605189,0.7789707779884338,0.7680109072300303,0.486356485686212
47,0.7799971699714661,0.6110427975654602,1e-04,0.73249751329422,0.5461115500282394,0.7637631297111511,0.7471108659507705,0.5082687589005976
48,0.7855632901191711,0.5957382917404175,1e-04,0.7306662797927856,0.5352618086510015,0.781630277633667,0.784369111594541,0.48497749173906946
49,0.7870076894760132,0.5908712148666382,1e-04,0.7229187488555908,0.5294865554449042,0.7977643013000488,0.7749269174568327,0.4770814730622971
50,0.788557767868042,0.5857845544815063,1e-04,0.7340470552444458,0.5537540195285113,0.7661672830581665,0.7455696894173351,0.5162417874989467
51,0.7920453548431396,0.5785489082336426,1e-04,0.7308071851730347,0.5258034522481999,0.7908507585525513,0.7587545329595486,0.4918919784985595
52,0.7948988676071167,0.5698874592781067,1e-04,0.7301028370857239,0.5459119327140787,0.7776733636856079,0.7614085002526565,0.5071273433912458
53,0.7982808351516724,0.5634281039237976,1e-04,0.7355965375900269,0.5535164350328086,0.7659042477607727,0.7580640114940421,0.5107254792463922
54,0.8007116317749023,0.5504163503646851,1e-04,0.7375686764717102,0.5611333927141069,0.7592108845710754,0.7674458595040754,0.5123487133426976
55,0.8039878606796265,0.5445382595062256,1e-04,0.73418790102005,0.5520949145599607,0.7670533061027527,0.7557242402265031,0.5079675927268411
56,0.8064186573028564,0.5365471839904785,1e-04,0.7378504276275635,0.5481687265229199,0.7923341989517212,0.7796296979509401,0.5015414066030313
57,0.8057492971420288,0.5305623412132263,1e-04,0.7330610156059265,0.5544186637765494,0.7787970304489136,0.7177790190221612,0.5072131384609522
58,0.8108927011489868,0.5203834772109985,1e-04,0.7370052337646484,0.5610206751906419,0.7646207809448242,0.7634898061732402,0.5136597787836295
59,0.8126893639564514,0.5120746493339539,1e-04,0.7405268549919128,0.55996517526311,0.7690801620483398,0.7642095022408534,0.5171728586741118
60,0.8130064010620117,0.5109908580780029,1e-04,0.7346104979515076,0.5503251836360017,0.8078293204307556,0.7313145044045799,0.5023253263819959
61,0.8155076503753662,0.5052956938743591,1e-04,0.7363008856773376,0.5608589794222884,0.7874503135681152,0.7497200484232015,0.5171983619911685
62,0.8160713315010071,0.5035324096679688,1e-04,0.7420763373374939,0.5835175051550299,0.7615727782249451,0.7458502357722712,0.5356099515036051
63,0.8212499022483826,0.4930413067340851,1e-04,0.737427830696106,0.552570638203007,0.8035433292388916,0.7810590880435424,0.5047277688963518
64,0.8229761123657227,0.48958274722099304,1e-04,0.7450345158576965,0.5807472644967001,0.7741616368293762,0.7295631539086861,0.5375362414927605
65,0.837701678276062,0.44598329067230225,1e-05,0.7496830821037292,0.5910387878165295,0.7711127996444702,0.7593594215739778,0.540413825335935
66,0.8353766202926636,0.44528889656066895,1e-05,0.7482743859291077,0.5853202807699718,0.7686790227890015,0.7439461755726258,0.5394143147373375
67,0.8394983410835266,0.4366215467453003,1e-05,0.7492604851722717,0.5883884469067177,0.7657691836357117,0.7454477902634217,0.543097860194752
68,0.8360106945037842,0.44885775446891785,1e-05,0.7498239278793335,0.5930053095726846,0.768143355846405,0.7476629294003353,0.5459931835753726
69,0.8418234586715698,0.4412713944911957,1e-05,0.749401330947876,0.5932240699960479,0.7686570882797241,0.7527791382836273,0.5446232080635623
70,0.840132474899292,0.43978986144065857,1e-05,0.7505282163619995,0.5896013253993279,0.7683749794960022,0.7344021993820441,0.5436867891814119
71,0.8367505073547363,0.44532203674316406,1e-05,0.751091718673706,0.5925184091867174,0.7702628970146179,0.7358576944381627,0.5474768792734818
72,0.8373846411705017,0.43927887082099915,1e-05,0.7506691217422485,0.5904380409920607,0.7731589078903198,0.7404454882034315,0.5423914503449333
73,0.8364686965942383,0.44285836815834045,1e-05,0.7492604851722717,0.5927441198582721,0.7752750515937805,0.750340966267349,0.5447017353136747
74,0.8431973457336426,0.42795413732528687,1e-05,0.7517960071563721,0.5938295770431138,0.7720149755477905,0.75325452883435,0.5451272644577512
75,0.839146077632904,0.43517008423805237,1e-06,0.7513734102249146,0.5924370078956107,0.7724695801734924,0.7515474633620145,0.5442909783915457
76,0.8419995903968811,0.43023502826690674,1e-06,0.7512325644493103,0.5932405772319013,0.771988034248352,0.7519094187480031,0.545405167831064
77,0.8427394032478333,0.4310711622238159,1e-06,0.7508099675178528,0.5927840095819721,0.7719919681549072,0.7517796072225736,0.5447936919407345
78,0.8419291377067566,0.4317014217376709,1e-06,0.7512325644493103,0.5932950265845153,0.7720107436180115,0.7527481383309657,0.5452222628508292
79,0.8449940085411072,0.4252222776412964,1e-06,0.7506691217422485,0.5927070202980192,0.7718208432197571,0.7524033812255222,0.5444939366768
80,0.8410484194755554,0.4263187348842621,1e-06,0.7515143156051636,0.5934844273536861,0.7723655104637146,0.7523374270916715,0.5454919195500718
81,0.8418234586715698,0.4287061095237732,1e-06,0.7516551613807678,0.5934899332964132,0.7725633382797241,0.7525988509027841,0.5453737993809176
82,0.8437610268592834,0.42696791887283325,1e-06,0.7516551613807678,0.5936797569432191,0.7722291946411133,0.7530779236553589,0.5455770904534498
83,0.8421757221221924,0.4275050163269043,1e-06,0.7517960071563721,0.5938862077356074,0.7725625038146973,0.7532402225399011,0.5457935892078555
84,0.8386528491973877,0.43509697914123535,1e-06,0.7515143156051636,0.5931033336698727,0.7719190716743469,0.7519820357658478,0.5451397497390719
85,0.8405904173851013,0.4303542971611023,1e-07,0.7515143156051636,0.5930587787201722,0.772007167339325,0.7519920716272103,0.5450489933107143
86,0.84284508228302,0.426626980304718,1e-07,0.7515143156051636,0.5933150182677884,0.7721192240715027,0.752935081471921,0.5451042038007075
87,0.8430212140083313,0.42888566851615906,1e-07,0.7513734102249146,0.5932575947224389,0.7721561789512634,0.7528932040014777,0.545035785628841
88,0.842704176902771,0.4264015555381775,1e-07,0.7517960071563721,0.5937278137003812,0.7722259163856506,0.753283186080761,0.5455219410824894
89,0.841541588306427,0.42898029088974,1e-07,0.7517960071563721,0.5937278137003812,0.7722424864768982,0.753283186080761,0.5455219410824894
90,0.8409075140953064,0.4332132041454315,1e-07,0.7516551613807678,0.5936721596446776,0.7722477912902832,0.7532150153453823,0.5454738086219579
91,0.8422461748123169,0.4277629852294922,1e-07,0.7516551613807678,0.5936721596446776,0.7722514867782593,0.7532150153453823,0.5454738086219579
92,0.8421404957771301,0.4275718331336975,1e-07,0.7516551613807678,0.5936831309479237,0.7722575068473816,0.7532414916177856,0.5454738086219579
93,0.8438667058944702,0.4267716407775879,1e-07,0.7516551613807678,0.5936704486833918,0.7722666263580322,0.7531961529579274,0.5454738086219579
94,0.8460508584976196,0.42502015829086304,1e-07,0.7516551613807678,0.5938295770431138,0.7722166776657104,0.75325452883435,0.5451272644577512
